<?xml version="1.0" encoding="UTF-8"?>
<testng-results ignored="0" total="1" passed="1" failed="0" skipped="0">
  <reporter-output>
  </reporter-output>
  <suite started-at="2024-04-05T17:40:40 IST" name="Default suite" finished-at="2024-04-05T17:40:47 IST" duration-ms="6969">
    <groups>
    </groups>
    <test started-at="2024-04-05T17:40:40 IST" name="Default test" finished-at="2024-04-05T17:40:47 IST" duration-ms="6969">
      <class name="testngpack.Task_FB_login">
        <test-method is-config="true" signature="launchbrowser()[pri:0, instance:testngpack.Task_FB_login@55b7a4e0]" started-at="2024-04-05T17:40:40 IST" name="launchbrowser" finished-at="2024-04-05T17:40:45 IST" duration-ms="4415" status="PASS">
          <reporter-output>
          </reporter-output>
        </test-method> <!-- launchbrowser -->
        <test-method signature="pageTitle()[pri:1, instance:testngpack.Task_FB_login@55b7a4e0]" started-at="2024-04-05T17:40:45 IST" name="pageTitle" finished-at="2024-04-05T17:40:47 IST" duration-ms="1916" status="PASS">
          <reporter-output>
          </reporter-output>
        </test-method> <!-- pageTitle -->
        <test-method is-config="true" signature="afterMethod()[pri:0, instance:testngpack.Task_FB_login@55b7a4e0]" started-at="2024-04-05T17:40:47 IST" name="afterMethod" finished-at="2024-04-05T17:40:47 IST" duration-ms="577" status="PASS">
          <reporter-output>
          </reporter-output>
        </test-method> <!-- afterMethod -->
      </class> <!-- testngpack.Task_FB_login -->
    </test> <!-- Default test -->
  </suite> <!-- Default suite -->
</testng-results>
